{
  date: '28-05-2024 12:55',
  module: 'Server',
  level: 'error',
  message: "Member with '2' not found",
  stack: "Error: Member with '2' not found\n" +
    '    at FindOne (D:\\DEV\\projek-api\\test-case\\src\\controllers\\member.js:25:42)\n' +
    '    at process.processTicksAndRejections (node:internal/process/task_queues:95:5)'
}
{
  date: '28-05-2024 12:56',
  module: 'Server',
  level: 'error',
  message: "Member with id '2' not found",
  stack: "Error: Member with id '2' not found\n" +
    '    at FindOne (D:\\DEV\\projek-api\\test-case\\src\\controllers\\member.js:25:42)\n' +
    '    at process.processTicksAndRejections (node:internal/process/task_queues:95:5)'
}
{
  date: '28-05-2024 13:14',
  module: 'Server',
  level: 'error',
  message: 'Books.Create is not a function',
  stack: 'TypeError: Books.Create is not a function\n' +
    '    at Create (D:\\DEV\\projek-api\\test-case\\src\\controllers\\book.js:36:21)\n' +
    '    at Layer.handle [as handle_request] (D:\\DEV\\projek-api\\test-case\\node_modules\\express\\lib\\router\\layer.js:95:5)\n' +
    '    at next (D:\\DEV\\projek-api\\test-case\\node_modules\\express\\lib\\router\\route.js:137:13)\n' +
    '    at Route.dispatch (D:\\DEV\\projek-api\\test-case\\node_modules\\express\\lib\\router\\route.js:112:3)\n' +
    '    at Layer.handle [as handle_request] (D:\\DEV\\projek-api\\test-case\\node_modules\\express\\lib\\router\\layer.js:95:5)\n' +
    '    at D:\\DEV\\projek-api\\test-case\\node_modules\\express\\lib\\router\\index.js:281:22\n' +
    '    at Function.process_params (D:\\DEV\\projek-api\\test-case\\node_modules\\express\\lib\\router\\index.js:335:12)\n' +
    '    at next (D:\\DEV\\projek-api\\test-case\\node_modules\\express\\lib\\router\\index.js:275:10)\n' +
    '    at Function.handle (D:\\DEV\\projek-api\\test-case\\node_modules\\express\\lib\\router\\index.js:174:3)\n' +
    '    at router (D:\\DEV\\projek-api\\test-case\\node_modules\\express\\lib\\router\\index.js:47:12)'
}
{
  date: '28-05-2024 13:21',
  module: 'Server',
  level: 'error',
  message: 'Books.FindOne is not a function',
  stack: 'TypeError: Books.FindOne is not a function\n' +
    '    at FindOne (D:\\DEV\\projek-api\\test-case\\src\\controllers\\book.js:21:34)\n' +
    '    at Layer.handle [as handle_request] (D:\\DEV\\projek-api\\test-case\\node_modules\\express\\lib\\router\\layer.js:95:5)\n' +
    '    at next (D:\\DEV\\projek-api\\test-case\\node_modules\\express\\lib\\router\\route.js:137:13)\n' +
    '    at Route.dispatch (D:\\DEV\\projek-api\\test-case\\node_modules\\express\\lib\\router\\route.js:112:3)\n' +
    '    at Layer.handle [as handle_request] (D:\\DEV\\projek-api\\test-case\\node_modules\\express\\lib\\router\\layer.js:95:5)\n' +
    '    at D:\\DEV\\projek-api\\test-case\\node_modules\\express\\lib\\router\\index.js:281:22\n' +
    '    at param (D:\\DEV\\projek-api\\test-case\\node_modules\\express\\lib\\router\\index.js:354:14)\n' +
    '    at param (D:\\DEV\\projek-api\\test-case\\node_modules\\express\\lib\\router\\index.js:365:14)\n' +
    '    at Function.process_params (D:\\DEV\\projek-api\\test-case\\node_modules\\express\\lib\\router\\index.js:410:3)\n' +
    '    at next (D:\\DEV\\projek-api\\test-case\\node_modules\\express\\lib\\router\\index.js:275:10)'
}
{
  date: '28-05-2024 13:21',
  module: 'Server',
  level: 'error',
  message: 'Book not found with id 4',
  stack: 'Error: Book not found with id 4\n' +
    '    at FindOne (D:\\DEV\\projek-api\\test-case\\src\\controllers\\book.js:24:42)\n' +
    '    at process.processTicksAndRejections (node:internal/process/task_queues:95:5)'
}
{
  date: '28-05-2024 14:35',
  module: 'Server',
  level: 'error',
  message: 'Duplicate code',
  stack: 'Error: Duplicate code\n' +
    '    at Create (D:\\DEV\\projek-api\\test-case\\src\\controllers\\book.js:42:44)\n' +
    '    at process.processTicksAndRejections (node:internal/process/task_queues:95:5)'
}
{
  date: '28-05-2024 14:36',
  module: 'Server',
  level: 'error',
  message: 'Duplicate code',
  stack: 'Error: Duplicate code\n' +
    '    at Create (D:\\DEV\\projek-api\\test-case\\src\\controllers\\book.js:42:44)\n' +
    '    at process.processTicksAndRejections (node:internal/process/task_queues:95:5)'
}
{
  date: '28-05-2024 14:36',
  module: 'Server',
  level: 'error',
  message: 'Duplicate code',
  stack: 'Error: Duplicate code\n' +
    '    at Create (D:\\DEV\\projek-api\\test-case\\src\\controllers\\book.js:42:44)\n' +
    '    at process.processTicksAndRejections (node:internal/process/task_queues:95:5)'
}
{
  date: '28-05-2024 14:36',
  module: 'Server',
  level: 'error',
  message: 'Duplicate code',
  stack: 'Error: Duplicate code\n' +
    '    at Create (D:\\DEV\\projek-api\\test-case\\src\\controllers\\book.js:42:44)\n' +
    '    at process.processTicksAndRejections (node:internal/process/task_queues:95:5)'
}
{
  date: '28-05-2024 14:38',
  module: 'Server',
  level: 'error',
  message: 'Book is currently not available',
  stack: 'Error: Book is currently not available\n' +
    '    at BorrowBook (D:\\DEV\\projek-api\\test-case\\src\\controllers\\book.js:82:44)\n' +
    '    at process.processTicksAndRejections (node:internal/process/task_queues:95:5)'
}
{
  date: '28-05-2024 14:43',
  module: 'Server',
  level: 'error',
  message: 'Book is currently borrowed by another member',
  stack: 'Error: Book is currently borrowed by another member\n' +
    '    at BorrowBook (D:\\DEV\\projek-api\\test-case\\src\\controllers\\book.js:93:44)\n' +
    '    at process.processTicksAndRejections (node:internal/process/task_queues:95:5)'
}
{
  date: '28-05-2024 14:46',
  module: 'Server',
  level: 'error',
  message: 'Member may not borrow more than 2 books',
  stack: 'Error: Member may not borrow more than 2 books\n' +
    '    at BorrowBook (D:\\DEV\\projek-api\\test-case\\src\\controllers\\book.js:73:44)\n' +
    '    at process.processTicksAndRejections (node:internal/process/task_queues:95:5)'
}
{
  date: '28-05-2024 14:46',
  module: 'Server',
  level: 'error',
  message: 'Member may not borrow more than 2 books',
  stack: 'Error: Member may not borrow more than 2 books\n' +
    '    at BorrowBook (D:\\DEV\\projek-api\\test-case\\src\\controllers\\book.js:73:44)\n' +
    '    at process.processTicksAndRejections (node:internal/process/task_queues:95:5)'
}
{
  date: '28-05-2024 14:46',
  module: 'Server',
  level: 'error',
  message: 'Member may not borrow more than 2 books',
  stack: 'Error: Member may not borrow more than 2 books\n' +
    '    at BorrowBook (D:\\DEV\\projek-api\\test-case\\src\\controllers\\book.js:73:44)\n' +
    '    at process.processTicksAndRejections (node:internal/process/task_queues:95:5)'
}
{
  date: '28-05-2024 14:47',
  module: 'Server',
  level: 'error',
  message: 'Member may not borrow more than 2 books',
  stack: 'Error: Member may not borrow more than 2 books\n' +
    '    at BorrowBook (D:\\DEV\\projek-api\\test-case\\src\\controllers\\book.js:73:44)\n' +
    '    at process.processTicksAndRejections (node:internal/process/task_queues:95:5)'
}
{
  date: '28-05-2024 14:47',
  module: 'Server',
  level: 'error',
  message: 'Member may not borrow more than 2 books',
  stack: 'Error: Member may not borrow more than 2 books\n' +
    '    at BorrowBook (D:\\DEV\\projek-api\\test-case\\src\\controllers\\book.js:73:44)\n' +
    '    at process.processTicksAndRejections (node:internal/process/task_queues:95:5)'
}
{
  date: '28-05-2024 14:47',
  module: 'Server',
  level: 'error',
  message: 'Member may not borrow more than 2 books',
  stack: 'Error: Member may not borrow more than 2 books\n' +
    '    at BorrowBook (D:\\DEV\\projek-api\\test-case\\src\\controllers\\book.js:73:44)\n' +
    '    at process.processTicksAndRejections (node:internal/process/task_queues:95:5)'
}
{
  date: '28-05-2024 14:57',
  module: 'Server',
  level: 'error',
  message: 'Member may not borrow more than 2 books',
  stack: 'Error: Member may not borrow more than 2 books\n' +
    '    at BorrowBook (D:\\DEV\\projek-api\\test-case\\src\\controllers\\book.js:75:44)\n' +
    '    at process.processTicksAndRejections (node:internal/process/task_queues:95:5)'
}
{
  date: '28-05-2024 14:57',
  module: 'Server',
  level: 'error',
  message: 'Book not found',
  stack: 'Error: Book not found\n' +
    '    at BorrowBook (D:\\DEV\\projek-api\\test-case\\src\\controllers\\book.js:80:42)\n' +
    '    at process.processTicksAndRejections (node:internal/process/task_queues:95:5)'
}
{
  date: '28-05-2024 14:57',
  module: 'Server',
  level: 'error',
  message: 'Member may not borrow more than 2 books',
  stack: 'Error: Member may not borrow more than 2 books\n' +
    '    at BorrowBook (D:\\DEV\\projek-api\\test-case\\src\\controllers\\book.js:75:44)\n' +
    '    at process.processTicksAndRejections (node:internal/process/task_queues:95:5)'
}
{
  date: '28-05-2024 18:10',
  module: 'Server',
  level: 'error',
  message: 'This book was not borrowed by the member',
  stack: 'Error: This book was not borrowed by the member\n' +
    '    at ReturnBook (D:\\DEV\\projek-api\\test-case\\src\\controllers\\book.js:129:42)\n' +
    '    at process.processTicksAndRejections (node:internal/process/task_queues:95:5)'
}
{
  date: '28-05-2024 18:10',
  module: 'Server',
  level: 'error',
  message: 'This book was not borrowed by the member',
  stack: 'Error: This book was not borrowed by the member\n' +
    '    at ReturnBook (D:\\DEV\\projek-api\\test-case\\src\\controllers\\book.js:129:42)\n' +
    '    at process.processTicksAndRejections (node:internal/process/task_queues:95:5)'
}
{
  date: '28-05-2024 18:10',
  module: 'Server',
  level: 'error',
  message: 'This book was not borrowed by the member',
  stack: 'Error: This book was not borrowed by the member\n' +
    '    at ReturnBook (D:\\DEV\\projek-api\\test-case\\src\\controllers\\book.js:129:42)\n' +
    '    at process.processTicksAndRejections (node:internal/process/task_queues:95:5)'
}
{
  date: '28-05-2024 18:13',
  module: 'Server',
  level: 'error',
  message: 'This book was not borrowed by the member',
  stack: 'Error: This book was not borrowed by the member\n' +
    '    at ReturnBook (D:\\DEV\\projek-api\\test-case\\src\\controllers\\book.js:129:42)\n' +
    '    at process.processTicksAndRejections (node:internal/process/task_queues:95:5)'
}
{
  date: '28-05-2024 18:14',
  module: 'Server',
  level: 'error',
  message: 'Member is currently penalized',
  stack: 'Error: Member is currently penalized\n' +
    '    at BorrowBook (D:\\DEV\\projek-api\\test-case\\src\\controllers\\book.js:69:44)\n' +
    '    at process.processTicksAndRejections (node:internal/process/task_queues:95:5)'
}
{
  date: '28-05-2024 18:14',
  module: 'Server',
  level: 'error',
  message: 'Member is currently penalized',
  stack: 'Error: Member is currently penalized\n' +
    '    at BorrowBook (D:\\DEV\\projek-api\\test-case\\src\\controllers\\book.js:69:44)\n' +
    '    at process.processTicksAndRejections (node:internal/process/task_queues:95:5)'
}
{
  date: '28-05-2024 18:15',
  module: 'Server',
  level: 'error',
  message: 'Member is currently penalized',
  stack: 'Error: Member is currently penalized\n' +
    '    at BorrowBook (D:\\DEV\\projek-api\\test-case\\src\\controllers\\book.js:69:44)\n' +
    '    at process.processTicksAndRejections (node:internal/process/task_queues:95:5)'
}
{
  date: '28-05-2024 18:19',
  module: 'Server',
  level: 'error',
  message: 'Member is currently penalized',
  stack: 'Error: Member is currently penalized\n' +
    '    at BorrowBook (D:\\DEV\\projek-api\\test-case\\src\\controllers\\book.js:69:44)\n' +
    '    at process.processTicksAndRejections (node:internal/process/task_queues:95:5)'
}
{
  date: '28-05-2024 18:19',
  module: 'Server',
  level: 'error',
  message: 'This book was not borrowed by the member',
  stack: 'Error: This book was not borrowed by the member\n' +
    '    at ReturnBook (D:\\DEV\\projek-api\\test-case\\src\\controllers\\book.js:129:42)\n' +
    '    at process.processTicksAndRejections (node:internal/process/task_queues:95:5)'
}
{
  date: '28-05-2024 18:22',
  module: 'Server',
  level: 'error',
  message: 'This book was not borrowed by the member',
  stack: 'Error: This book was not borrowed by the member\n' +
    '    at ReturnBook (D:\\DEV\\projek-api\\test-case\\src\\controllers\\book.js:129:42)\n' +
    '    at process.processTicksAndRejections (node:internal/process/task_queues:95:5)'
}
{
  date: '28-05-2024 21:55',
  module: 'Server',
  level: 'error',
  message: 'returnDate is not defined',
  stack: 'ReferenceError: returnDate is not defined\n' +
    '    at FindAll (D:\\DEV\\projek-api\\test-case\\src\\controllers\\member.js:12:30)\n' +
    '    at Layer.handle [as handle_request] (D:\\DEV\\projek-api\\test-case\\node_modules\\express\\lib\\router\\layer.js:95:5)\n' +
    '    at next (D:\\DEV\\projek-api\\test-case\\node_modules\\express\\lib\\router\\route.js:137:13)\n' +
    '    at Route.dispatch (D:\\DEV\\projek-api\\test-case\\node_modules\\express\\lib\\router\\route.js:112:3)\n' +
    '    at Layer.handle [as handle_request] (D:\\DEV\\projek-api\\test-case\\node_modules\\express\\lib\\router\\layer.js:95:5)\n' +
    '    at D:\\DEV\\projek-api\\test-case\\node_modules\\express\\lib\\router\\index.js:281:22\n' +
    '    at Function.process_params (D:\\DEV\\projek-api\\test-case\\node_modules\\express\\lib\\router\\index.js:335:12)\n' +
    '    at next (D:\\DEV\\projek-api\\test-case\\node_modules\\express\\lib\\router\\index.js:275:10)\n' +
    '    at Function.handle (D:\\DEV\\projek-api\\test-case\\node_modules\\express\\lib\\router\\index.js:174:3)\n' +
    '    at router (D:\\DEV\\projek-api\\test-case\\node_modules\\express\\lib\\router\\index.js:47:12)'
}
{
  date: '28-05-2024 21:56',
  module: 'Server',
  level: 'error',
  message: 'BorrowedBook is not associated to Members!',
  stack: 'SequelizeEagerLoadingError: BorrowedBook is not associated to Members!\n' +
    '    at Members._getIncludedAssociation (D:\\DEV\\projek-api\\test-case\\node_modules\\sequelize\\lib\\model.js:565:13)\n' +
    '    at Members._validateIncludedElement (D:\\DEV\\projek-api\\test-case\\node_modules\\sequelize\\lib\\model.js:502:53)\n' +
    '    at D:\\DEV\\projek-api\\test-case\\node_modules\\sequelize\\lib\\model.js:421:37\n' +
    '    at Array.map (<anonymous>)\n' +
    '    at Members._validateIncludedElements (D:\\DEV\\projek-api\\test-case\\node_modules\\sequelize\\lib\\model.js:417:39)\n' +
    '    at Members.findAll (D:\\DEV\\projek-api\\test-case\\node_modules\\sequelize\\lib\\model.js:1124:12)\n' +
    '    at async FindAll (D:\\DEV\\projek-api\\test-case\\src\\controllers\\member.js:8:24)'
}
{
  date: '28-05-2024 22:07',
  module: 'Server',
  level: 'error',
  message: 'Book is not defined',
  stack: 'ReferenceError: Book is not defined\n' +
    '    at FindAll (D:\\DEV\\projek-api\\test-case\\src\\controllers\\member.js:14:31)\n' +
    '    at Layer.handle [as handle_request] (D:\\DEV\\projek-api\\test-case\\node_modules\\express\\lib\\router\\layer.js:95:5)\n' +
    '    at next (D:\\DEV\\projek-api\\test-case\\node_modules\\express\\lib\\router\\route.js:137:13)\n' +
    '    at Route.dispatch (D:\\DEV\\projek-api\\test-case\\node_modules\\express\\lib\\router\\route.js:112:3)\n' +
    '    at Layer.handle [as handle_request] (D:\\DEV\\projek-api\\test-case\\node_modules\\express\\lib\\router\\layer.js:95:5)\n' +
    '    at D:\\DEV\\projek-api\\test-case\\node_modules\\express\\lib\\router\\index.js:281:22\n' +
    '    at Function.process_params (D:\\DEV\\projek-api\\test-case\\node_modules\\express\\lib\\router\\index.js:335:12)\n' +
    '    at next (D:\\DEV\\projek-api\\test-case\\node_modules\\express\\lib\\router\\index.js:275:10)\n' +
    '    at Function.handle (D:\\DEV\\projek-api\\test-case\\node_modules\\express\\lib\\router\\index.js:174:3)\n' +
    '    at router (D:\\DEV\\projek-api\\test-case\\node_modules\\express\\lib\\router\\index.js:47:12)'
}
{
  date: '28-05-2024 22:07',
  module: 'Server',
  level: 'error',
  message: 'Include unexpected. Element has to be either a Model, an Association or an object.',
  stack: 'Error: Include unexpected. Element has to be either a Model, an Association or an object.\n' +
    '    at Members._conformInclude (D:\\DEV\\projek-api\\test-case\\node_modules\\sequelize\\lib\\model.js:323:11)\n' +
    '    at D:\\DEV\\projek-api\\test-case\\node_modules\\sequelize\\lib\\model.js:270:61\n' +
    '    at Array.map (<anonymous>)\n' +
    '    at Members._conformIncludes (D:\\DEV\\projek-api\\test-case\\node_modules\\sequelize\\lib\\model.js:270:39)\n' +
    '    at Members._conformInclude (D:\\DEV\\projek-api\\test-case\\node_modules\\sequelize\\lib\\model.js:314:16)\n' +
    '    at D:\\DEV\\projek-api\\test-case\\node_modules\\sequelize\\lib\\model.js:270:61\n' +
    '    at Array.map (<anonymous>)\n' +
    '    at Members._conformIncludes (D:\\DEV\\projek-api\\test-case\\node_modules\\sequelize\\lib\\model.js:270:39)\n' +
    '    at Members._baseMerge (D:\\DEV\\projek-api\\test-case\\node_modules\\sequelize\\lib\\model.js:622:10)\n' +
    '    at Members._defaultsOptions (D:\\DEV\\projek-api\\test-case\\node_modules\\sequelize\\lib\\model.js:656:17)'
}
{
  date: '28-05-2024 22:11',
  module: 'Server',
  level: 'error',
  message: 'Include unexpected. Element has to be either a Model, an Association or an object.',
  stack: 'Error: Include unexpected. Element has to be either a Model, an Association or an object.\n' +
    '    at Members._conformInclude (D:\\DEV\\projek-api\\test-case\\node_modules\\sequelize\\lib\\model.js:323:11)\n' +
    '    at D:\\DEV\\projek-api\\test-case\\node_modules\\sequelize\\lib\\model.js:270:61\n' +
    '    at Array.map (<anonymous>)\n' +
    '    at Members._conformIncludes (D:\\DEV\\projek-api\\test-case\\node_modules\\sequelize\\lib\\model.js:270:39)\n' +
    '    at Members._conformInclude (D:\\DEV\\projek-api\\test-case\\node_modules\\sequelize\\lib\\model.js:314:16)\n' +
    '    at D:\\DEV\\projek-api\\test-case\\node_modules\\sequelize\\lib\\model.js:270:61\n' +
    '    at Array.map (<anonymous>)\n' +
    '    at Members._conformIncludes (D:\\DEV\\projek-api\\test-case\\node_modules\\sequelize\\lib\\model.js:270:39)\n' +
    '    at Members._baseMerge (D:\\DEV\\projek-api\\test-case\\node_modules\\sequelize\\lib\\model.js:622:10)\n' +
    '    at Members._defaultsOptions (D:\\DEV\\projek-api\\test-case\\node_modules\\sequelize\\lib\\model.js:656:17)'
}
{
  date: '28-05-2024 22:13',
  module: 'Server',
  level: 'error',
  message: 'Include unexpected. Element has to be either a Model, an Association or an object.',
  stack: 'Error: Include unexpected. Element has to be either a Model, an Association or an object.\n' +
    '    at Members._conformInclude (D:\\DEV\\projek-api\\test-case\\node_modules\\sequelize\\lib\\model.js:323:11)\n' +
    '    at D:\\DEV\\projek-api\\test-case\\node_modules\\sequelize\\lib\\model.js:270:61\n' +
    '    at Array.map (<anonymous>)\n' +
    '    at Members._conformIncludes (D:\\DEV\\projek-api\\test-case\\node_modules\\sequelize\\lib\\model.js:270:39)\n' +
    '    at Members._conformInclude (D:\\DEV\\projek-api\\test-case\\node_modules\\sequelize\\lib\\model.js:314:16)\n' +
    '    at D:\\DEV\\projek-api\\test-case\\node_modules\\sequelize\\lib\\model.js:270:61\n' +
    '    at Array.map (<anonymous>)\n' +
    '    at Members._conformIncludes (D:\\DEV\\projek-api\\test-case\\node_modules\\sequelize\\lib\\model.js:270:39)\n' +
    '    at Members._baseMerge (D:\\DEV\\projek-api\\test-case\\node_modules\\sequelize\\lib\\model.js:622:10)\n' +
    '    at Members._defaultsOptions (D:\\DEV\\projek-api\\test-case\\node_modules\\sequelize\\lib\\model.js:656:17)'
}
{
  date: '28-05-2024 22:13',
  module: 'Server',
  level: 'error',
  message: 'Include unexpected. Element has to be either a Model, an Association or an object.',
  stack: 'Error: Include unexpected. Element has to be either a Model, an Association or an object.\n' +
    '    at Members._conformInclude (D:\\DEV\\projek-api\\test-case\\node_modules\\sequelize\\lib\\model.js:323:11)\n' +
    '    at D:\\DEV\\projek-api\\test-case\\node_modules\\sequelize\\lib\\model.js:270:61\n' +
    '    at Array.map (<anonymous>)\n' +
    '    at Members._conformIncludes (D:\\DEV\\projek-api\\test-case\\node_modules\\sequelize\\lib\\model.js:270:39)\n' +
    '    at Members._conformInclude (D:\\DEV\\projek-api\\test-case\\node_modules\\sequelize\\lib\\model.js:314:16)\n' +
    '    at D:\\DEV\\projek-api\\test-case\\node_modules\\sequelize\\lib\\model.js:270:61\n' +
    '    at Array.map (<anonymous>)\n' +
    '    at Members._conformIncludes (D:\\DEV\\projek-api\\test-case\\node_modules\\sequelize\\lib\\model.js:270:39)\n' +
    '    at Members._baseMerge (D:\\DEV\\projek-api\\test-case\\node_modules\\sequelize\\lib\\model.js:622:10)\n' +
    '    at Members._defaultsOptions (D:\\DEV\\projek-api\\test-case\\node_modules\\sequelize\\lib\\model.js:656:17)'
}
{
  date: '28-05-2024 22:19',
  module: 'Server',
  level: 'error',
  message: 'members.map is not a function',
  stack: 'TypeError: members.map is not a function\n' +
    '    at FindOne (D:\\DEV\\projek-api\\test-case\\src\\controllers\\member.js:69:32)\n' +
    '    at process.processTicksAndRejections (node:internal/process/task_queues:95:5)'
}
{
  date: '28-05-2024 22:23',
  module: 'Server',
  level: 'error',
  message: 'Op is not defined',
  stack: 'ReferenceError: Op is not defined\n' +
    '    at FindAll (D:\\DEV\\projek-api\\test-case\\src\\controllers\\book.js:13:32)\n' +
    '    at Layer.handle [as handle_request] (D:\\DEV\\projek-api\\test-case\\node_modules\\express\\lib\\router\\layer.js:95:5)\n' +
    '    at next (D:\\DEV\\projek-api\\test-case\\node_modules\\express\\lib\\router\\route.js:137:13)\n' +
    '    at Route.dispatch (D:\\DEV\\projek-api\\test-case\\node_modules\\express\\lib\\router\\route.js:112:3)\n' +
    '    at Layer.handle [as handle_request] (D:\\DEV\\projek-api\\test-case\\node_modules\\express\\lib\\router\\layer.js:95:5)\n' +
    '    at D:\\DEV\\projek-api\\test-case\\node_modules\\express\\lib\\router\\index.js:281:22\n' +
    '    at Function.process_params (D:\\DEV\\projek-api\\test-case\\node_modules\\express\\lib\\router\\index.js:335:12)\n' +
    '    at next (D:\\DEV\\projek-api\\test-case\\node_modules\\express\\lib\\router\\index.js:275:10)\n' +
    '    at Function.handle (D:\\DEV\\projek-api\\test-case\\node_modules\\express\\lib\\router\\index.js:174:3)\n' +
    '    at router (D:\\DEV\\projek-api\\test-case\\node_modules\\express\\lib\\router\\index.js:47:12)'
}
{
  date: '28-05-2024 22:23',
  module: 'Server',
  level: 'error',
  message: 'Op is not defined',
  stack: 'ReferenceError: Op is not defined\n' +
    '    at FindAll (D:\\DEV\\projek-api\\test-case\\src\\controllers\\book.js:13:32)\n' +
    '    at Layer.handle [as handle_request] (D:\\DEV\\projek-api\\test-case\\node_modules\\express\\lib\\router\\layer.js:95:5)\n' +
    '    at next (D:\\DEV\\projek-api\\test-case\\node_modules\\express\\lib\\router\\route.js:137:13)\n' +
    '    at Route.dispatch (D:\\DEV\\projek-api\\test-case\\node_modules\\express\\lib\\router\\route.js:112:3)\n' +
    '    at Layer.handle [as handle_request] (D:\\DEV\\projek-api\\test-case\\node_modules\\express\\lib\\router\\layer.js:95:5)\n' +
    '    at D:\\DEV\\projek-api\\test-case\\node_modules\\express\\lib\\router\\index.js:281:22\n' +
    '    at Function.process_params (D:\\DEV\\projek-api\\test-case\\node_modules\\express\\lib\\router\\index.js:335:12)\n' +
    '    at next (D:\\DEV\\projek-api\\test-case\\node_modules\\express\\lib\\router\\index.js:275:10)\n' +
    '    at Function.handle (D:\\DEV\\projek-api\\test-case\\node_modules\\express\\lib\\router\\index.js:174:3)\n' +
    '    at router (D:\\DEV\\projek-api\\test-case\\node_modules\\express\\lib\\router\\index.js:47:12)'
}
{
  date: '28-05-2024 22:25',
  module: 'Server',
  level: 'error',
  message: 'Op is not defined',
  stack: 'ReferenceError: Op is not defined\n' +
    '    at FindAll (D:\\DEV\\projek-api\\test-case\\src\\controllers\\book.js:12:63)\n' +
    '    at Layer.handle [as handle_request] (D:\\DEV\\projek-api\\test-case\\node_modules\\express\\lib\\router\\layer.js:95:5)\n' +
    '    at next (D:\\DEV\\projek-api\\test-case\\node_modules\\express\\lib\\router\\route.js:137:13)\n' +
    '    at Route.dispatch (D:\\DEV\\projek-api\\test-case\\node_modules\\express\\lib\\router\\route.js:112:3)\n' +
    '    at Layer.handle [as handle_request] (D:\\DEV\\projek-api\\test-case\\node_modules\\express\\lib\\router\\layer.js:95:5)\n' +
    '    at D:\\DEV\\projek-api\\test-case\\node_modules\\express\\lib\\router\\index.js:281:22\n' +
    '    at Function.process_params (D:\\DEV\\projek-api\\test-case\\node_modules\\express\\lib\\router\\index.js:335:12)\n' +
    '    at next (D:\\DEV\\projek-api\\test-case\\node_modules\\express\\lib\\router\\index.js:275:10)\n' +
    '    at Function.handle (D:\\DEV\\projek-api\\test-case\\node_modules\\express\\lib\\router\\index.js:174:3)\n' +
    '    at router (D:\\DEV\\projek-api\\test-case\\node_modules\\express\\lib\\router\\index.js:47:12)'
}
{
  date: '28-05-2024 22:25',
  module: 'Server',
  level: 'error',
  message: "Cannot read properties of undefined (reading 'gt')",
  stack: "TypeError: Cannot read properties of undefined (reading 'gt')\n" +
    '    at FindAll (D:\\DEV\\projek-api\\test-case\\src\\controllers\\book.js:12:76)\n' +
    '    at Layer.handle [as handle_request] (D:\\DEV\\projek-api\\test-case\\node_modules\\express\\lib\\router\\layer.js:95:5)\n' +
    '    at next (D:\\DEV\\projek-api\\test-case\\node_modules\\express\\lib\\router\\route.js:137:13)\n' +
    '    at Route.dispatch (D:\\DEV\\projek-api\\test-case\\node_modules\\express\\lib\\router\\route.js:112:3)\n' +
    '    at Layer.handle [as handle_request] (D:\\DEV\\projek-api\\test-case\\node_modules\\express\\lib\\router\\layer.js:95:5)\n' +
    '    at D:\\DEV\\projek-api\\test-case\\node_modules\\express\\lib\\router\\index.js:281:22\n' +
    '    at Function.process_params (D:\\DEV\\projek-api\\test-case\\node_modules\\express\\lib\\router\\index.js:335:12)\n' +
    '    at next (D:\\DEV\\projek-api\\test-case\\node_modules\\express\\lib\\router\\index.js:275:10)\n' +
    '    at Function.handle (D:\\DEV\\projek-api\\test-case\\node_modules\\express\\lib\\router\\index.js:174:3)\n' +
    '    at router (D:\\DEV\\projek-api\\test-case\\node_modules\\express\\lib\\router\\index.js:47:12)'
}
{
  date: '28-05-2024 22:25',
  module: 'Server',
  level: 'error',
  message: 'Op is not defined',
  stack: 'ReferenceError: Op is not defined\n' +
    '    at FindAll (D:\\DEV\\projek-api\\test-case\\src\\controllers\\book.js:12:63)\n' +
    '    at Layer.handle [as handle_request] (D:\\DEV\\projek-api\\test-case\\node_modules\\express\\lib\\router\\layer.js:95:5)\n' +
    '    at next (D:\\DEV\\projek-api\\test-case\\node_modules\\express\\lib\\router\\route.js:137:13)\n' +
    '    at Route.dispatch (D:\\DEV\\projek-api\\test-case\\node_modules\\express\\lib\\router\\route.js:112:3)\n' +
    '    at Layer.handle [as handle_request] (D:\\DEV\\projek-api\\test-case\\node_modules\\express\\lib\\router\\layer.js:95:5)\n' +
    '    at D:\\DEV\\projek-api\\test-case\\node_modules\\express\\lib\\router\\index.js:281:22\n' +
    '    at Function.process_params (D:\\DEV\\projek-api\\test-case\\node_modules\\express\\lib\\router\\index.js:335:12)\n' +
    '    at next (D:\\DEV\\projek-api\\test-case\\node_modules\\express\\lib\\router\\index.js:275:10)\n' +
    '    at Function.handle (D:\\DEV\\projek-api\\test-case\\node_modules\\express\\lib\\router\\index.js:174:3)\n' +
    '    at router (D:\\DEV\\projek-api\\test-case\\node_modules\\express\\lib\\router\\index.js:47:12)'
}
{
  date: '28-05-2024 22:26',
  module: 'Server',
  level: 'error',
  message: "Cannot read properties of undefined (reading 'gt')",
  stack: "TypeError: Cannot read properties of undefined (reading 'gt')\n" +
    '    at FindAll (D:\\DEV\\projek-api\\test-case\\src\\controllers\\book.js:13:66)\n' +
    '    at Layer.handle [as handle_request] (D:\\DEV\\projek-api\\test-case\\node_modules\\express\\lib\\router\\layer.js:95:5)\n' +
    '    at next (D:\\DEV\\projek-api\\test-case\\node_modules\\express\\lib\\router\\route.js:137:13)\n' +
    '    at Route.dispatch (D:\\DEV\\projek-api\\test-case\\node_modules\\express\\lib\\router\\route.js:112:3)\n' +
    '    at Layer.handle [as handle_request] (D:\\DEV\\projek-api\\test-case\\node_modules\\express\\lib\\router\\layer.js:95:5)\n' +
    '    at D:\\DEV\\projek-api\\test-case\\node_modules\\express\\lib\\router\\index.js:281:22\n' +
    '    at Function.process_params (D:\\DEV\\projek-api\\test-case\\node_modules\\express\\lib\\router\\index.js:335:12)\n' +
    '    at next (D:\\DEV\\projek-api\\test-case\\node_modules\\express\\lib\\router\\index.js:275:10)\n' +
    '    at Function.handle (D:\\DEV\\projek-api\\test-case\\node_modules\\express\\lib\\router\\index.js:174:3)\n' +
    '    at router (D:\\DEV\\projek-api\\test-case\\node_modules\\express\\lib\\router\\index.js:47:12)'
}
{
  date: '29-05-2024 07:07',
  module: 'Server',
  level: 'error',
  message: 'connect ECONNREFUSED 127.0.0.1:3306',
  stack: 'SequelizeConnectionRefusedError: connect ECONNREFUSED 127.0.0.1:3306\n' +
    '    at ConnectionManager.connect (D:\\DEV\\projek-api\\test-case\\node_modules\\sequelize\\lib\\dialects\\mysql\\connection-manager.js:92:17)\n' +
    '    at process.processTicksAndRejections (node:internal/process/task_queues:95:5)\n' +
    '    at async ConnectionManager._connect (D:\\DEV\\projek-api\\test-case\\node_modules\\sequelize\\lib\\dialects\\abstract\\connection-manager.js:222:24)\n' +
    '    at async D:\\DEV\\projek-api\\test-case\\node_modules\\sequelize\\lib\\dialects\\abstract\\connection-manager.js:174:32\n' +
    '    at async ConnectionManager.getConnection (D:\\DEV\\projek-api\\test-case\\node_modules\\sequelize\\lib\\dialects\\abstract\\connection-manager.js:197:7)\n' +
    '    at async D:\\DEV\\projek-api\\test-case\\node_modules\\sequelize\\lib\\sequelize.js:305:26\n' +
    '    at async MySQLQueryInterface.select (D:\\DEV\\projek-api\\test-case\\node_modules\\sequelize\\lib\\dialects\\abstract\\query-interface.js:407:12)\n' +
    '    at async Members.findAll (D:\\DEV\\projek-api\\test-case\\node_modules\\sequelize\\lib\\model.js:1140:21)\n' +
    '    at async FindAll (D:\\DEV\\projek-api\\test-case\\src\\controllers\\member.js:9:25)'
}
{
  date: '29-05-2024 07:07',
  module: 'Server',
  level: 'error',
  message: 'connect ECONNREFUSED 127.0.0.1:3306',
  stack: 'SequelizeConnectionRefusedError: connect ECONNREFUSED 127.0.0.1:3306\n' +
    '    at ConnectionManager.connect (D:\\DEV\\projek-api\\test-case\\node_modules\\sequelize\\lib\\dialects\\mysql\\connection-manager.js:92:17)\n' +
    '    at process.processTicksAndRejections (node:internal/process/task_queues:95:5)\n' +
    '    at async ConnectionManager._connect (D:\\DEV\\projek-api\\test-case\\node_modules\\sequelize\\lib\\dialects\\abstract\\connection-manager.js:222:24)\n' +
    '    at async D:\\DEV\\projek-api\\test-case\\node_modules\\sequelize\\lib\\dialects\\abstract\\connection-manager.js:174:32\n' +
    '    at async ConnectionManager.getConnection (D:\\DEV\\projek-api\\test-case\\node_modules\\sequelize\\lib\\dialects\\abstract\\connection-manager.js:197:7)\n' +
    '    at async D:\\DEV\\projek-api\\test-case\\node_modules\\sequelize\\lib\\sequelize.js:305:26\n' +
    '    at async MySQLQueryInterface.select (D:\\DEV\\projek-api\\test-case\\node_modules\\sequelize\\lib\\dialects\\abstract\\query-interface.js:407:12)\n' +
    '    at async Members.findAll (D:\\DEV\\projek-api\\test-case\\node_modules\\sequelize\\lib\\model.js:1140:21)\n' +
    '    at async FindAll (D:\\DEV\\projek-api\\test-case\\src\\controllers\\member.js:9:25)'
}
{
  date: '29-05-2024 07:10',
  module: 'Server',
  level: 'error',
  message: 'Not found - /api/v1/member/delete/1',
  stack: 'Error: Not found - /api/v1/member/delete/1\n' +
    '    at notFound (D:\\DEV\\projek-api\\test-case\\src\\middlewares\\errorHandlers.js:6:40)\n' +
    '    at Layer.handle [as handle_request] (D:\\DEV\\projek-api\\test-case\\node_modules\\express\\lib\\router\\layer.js:95:5)\n' +
    '    at trim_prefix (D:\\DEV\\projek-api\\test-case\\node_modules\\express\\lib\\router\\index.js:317:13)\n' +
    '    at D:\\DEV\\projek-api\\test-case\\node_modules\\express\\lib\\router\\index.js:284:7\n' +
    '    at Function.process_params (D:\\DEV\\projek-api\\test-case\\node_modules\\express\\lib\\router\\index.js:335:12)\n' +
    '    at Immediate.next (D:\\DEV\\projek-api\\test-case\\node_modules\\express\\lib\\router\\index.js:275:10)\n' +
    '    at Immediate._onImmediate (D:\\DEV\\projek-api\\test-case\\node_modules\\express\\lib\\router\\index.js:635:15)\n' +
    '    at process.processImmediate (node:internal/timers:478:21)'
}
{
  date: '29-05-2024 07:10',
  module: 'Server',
  level: 'error',
  message: 'members.delete is not a function',
  stack: 'TypeError: members.delete is not a function\n' +
    '    at Delete (D:\\DEV\\projek-api\\test-case\\src\\controllers\\member.js:138:23)\n' +
    '    at process.processTicksAndRejections (node:internal/process/task_queues:95:5)'
}
{
  date: '29-05-2024 07:12',
  module: 'Server',
  level: 'error',
  message: 'Members not found',
  stack: 'Error: Members not found\n' +
    '    at Delete (D:\\DEV\\projek-api\\test-case\\src\\controllers\\member.js:135:42)\n' +
    '    at process.processTicksAndRejections (node:internal/process/task_queues:95:5)'
}
{
  date: '29-05-2024 07:21',
  module: 'Server',
  level: 'error',
  message: 'Not found - /favicon.ico',
  stack: 'Error: Not found - /favicon.ico\n' +
    '    at notFound (D:\\DEV\\projek-api\\test-case\\src\\middlewares\\errorHandlers.js:6:40)\n' +
    '    at Layer.handle [as handle_request] (D:\\DEV\\projek-api\\test-case\\node_modules\\express\\lib\\router\\layer.js:95:5)\n' +
    '    at trim_prefix (D:\\DEV\\projek-api\\test-case\\node_modules\\express\\lib\\router\\index.js:317:13)\n' +
    '    at D:\\DEV\\projek-api\\test-case\\node_modules\\express\\lib\\router\\index.js:284:7\n' +
    '    at Function.process_params (D:\\DEV\\projek-api\\test-case\\node_modules\\express\\lib\\router\\index.js:335:12)\n' +
    '    at next (D:\\DEV\\projek-api\\test-case\\node_modules\\express\\lib\\router\\index.js:275:10)\n' +
    '    at D:\\DEV\\projek-api\\test-case\\node_modules\\express\\lib\\router\\index.js:635:15\n' +
    '    at next (D:\\DEV\\projek-api\\test-case\\node_modules\\express\\lib\\router\\index.js:260:14)\n' +
    '    at Function.handle (D:\\DEV\\projek-api\\test-case\\node_modules\\express\\lib\\router\\index.js:174:3)\n' +
    '    at router (D:\\DEV\\projek-api\\test-case\\node_modules\\express\\lib\\router\\index.js:47:12)'
}
{
  date: '29-05-2024 07:46',
  module: 'Server',
  level: 'error',
  message: 'Not found - /api-docss/',
  stack: 'Error: Not found - /api-docss/\n' +
    '    at notFound (D:\\DEV\\projek-api\\test-case\\src\\middlewares\\errorHandlers.js:6:40)\n' +
    '    at Layer.handle [as handle_request] (D:\\DEV\\projek-api\\test-case\\node_modules\\express\\lib\\router\\layer.js:95:5)\n' +
    '    at trim_prefix (D:\\DEV\\projek-api\\test-case\\node_modules\\express\\lib\\router\\index.js:317:13)\n' +
    '    at D:\\DEV\\projek-api\\test-case\\node_modules\\express\\lib\\router\\index.js:284:7\n' +
    '    at Function.process_params (D:\\DEV\\projek-api\\test-case\\node_modules\\express\\lib\\router\\index.js:335:12)\n' +
    '    at next (D:\\DEV\\projek-api\\test-case\\node_modules\\express\\lib\\router\\index.js:275:10)\n' +
    '    at D:\\DEV\\projek-api\\test-case\\node_modules\\express\\lib\\router\\index.js:635:15\n' +
    '    at next (D:\\DEV\\projek-api\\test-case\\node_modules\\express\\lib\\router\\index.js:260:14)\n' +
    '    at Function.handle (D:\\DEV\\projek-api\\test-case\\node_modules\\express\\lib\\router\\index.js:174:3)\n' +
    '    at router (D:\\DEV\\projek-api\\test-case\\node_modules\\express\\lib\\router\\index.js:47:12)'
}
{
  date: '29-05-2024 07:46',
  module: 'Server',
  level: 'error',
  message: 'Not found - /api-docc/',
  stack: 'Error: Not found - /api-docc/\n' +
    '    at notFound (D:\\DEV\\projek-api\\test-case\\src\\middlewares\\errorHandlers.js:6:40)\n' +
    '    at Layer.handle [as handle_request] (D:\\DEV\\projek-api\\test-case\\node_modules\\express\\lib\\router\\layer.js:95:5)\n' +
    '    at trim_prefix (D:\\DEV\\projek-api\\test-case\\node_modules\\express\\lib\\router\\index.js:317:13)\n' +
    '    at D:\\DEV\\projek-api\\test-case\\node_modules\\express\\lib\\router\\index.js:284:7\n' +
    '    at Function.process_params (D:\\DEV\\projek-api\\test-case\\node_modules\\express\\lib\\router\\index.js:335:12)\n' +
    '    at next (D:\\DEV\\projek-api\\test-case\\node_modules\\express\\lib\\router\\index.js:275:10)\n' +
    '    at D:\\DEV\\projek-api\\test-case\\node_modules\\express\\lib\\router\\index.js:635:15\n' +
    '    at next (D:\\DEV\\projek-api\\test-case\\node_modules\\express\\lib\\router\\index.js:260:14)\n' +
    '    at Function.handle (D:\\DEV\\projek-api\\test-case\\node_modules\\express\\lib\\router\\index.js:174:3)\n' +
    '    at router (D:\\DEV\\projek-api\\test-case\\node_modules\\express\\lib\\router\\index.js:47:12)'
}
{
  date: '29-05-2024 09:14',
  module: 'Server',
  level: 'error',
  message: 'Book not found with id 8',
  stack: 'Error: Book not found with id 8\n' +
    '    at FindOne (D:\\DEV\\projek-api\\test-case\\src\\controllers\\book.js:32:42)\n' +
    '    at process.processTicksAndRejections (node:internal/process/task_queues:95:5)'
}
{
  date: '29-05-2024 09:14',
  module: 'Server',
  level: 'error',
  message: 'Book not found with id 8',
  stack: 'Error: Book not found with id 8\n' +
    '    at FindOne (D:\\DEV\\projek-api\\test-case\\src\\controllers\\book.js:32:42)\n' +
    '    at process.processTicksAndRejections (node:internal/process/task_queues:95:5)'
}
{
  date: '29-05-2024 09:14',
  module: 'Server',
  level: 'error',
  message: 'Book not found with id 8',
  stack: 'Error: Book not found with id 8\n' +
    '    at FindOne (D:\\DEV\\projek-api\\test-case\\src\\controllers\\book.js:32:42)\n' +
    '    at process.processTicksAndRejections (node:internal/process/task_queues:95:5)'
}
{
  date: '29-05-2024 09:14',
  module: 'Server',
  level: 'error',
  message: 'Book not found with id 8',
  stack: 'Error: Book not found with id 8\n' +
    '    at FindOne (D:\\DEV\\projek-api\\test-case\\src\\controllers\\book.js:32:42)\n' +
    '    at process.processTicksAndRejections (node:internal/process/task_queues:95:5)'
}
{
  date: '29-05-2024 09:14',
  module: 'Server',
  level: 'error',
  message: 'Book not found with id 8',
  stack: 'Error: Book not found with id 8\n' +
    '    at FindOne (D:\\DEV\\projek-api\\test-case\\src\\controllers\\book.js:32:42)\n' +
    '    at process.processTicksAndRejections (node:internal/process/task_queues:95:5)'
}
{
  date: '29-05-2024 09:14',
  module: 'Server',
  level: 'error',
  message: 'Book not found with id 8',
  stack: 'Error: Book not found with id 8\n' +
    '    at FindOne (D:\\DEV\\projek-api\\test-case\\src\\controllers\\book.js:32:42)\n' +
    '    at process.processTicksAndRejections (node:internal/process/task_queues:95:5)'
}
{
  date: '29-05-2024 09:14',
  module: 'Server',
  level: 'error',
  message: 'Book not found with id 8',
  stack: 'Error: Book not found with id 8\n' +
    '    at FindOne (D:\\DEV\\projek-api\\test-case\\src\\controllers\\book.js:32:42)\n' +
    '    at process.processTicksAndRejections (node:internal/process/task_queues:95:5)'
}
{
  date: '29-05-2024 09:14',
  module: 'Server',
  level: 'error',
  message: 'Book not found with id 8',
  stack: 'Error: Book not found with id 8\n' +
    '    at FindOne (D:\\DEV\\projek-api\\test-case\\src\\controllers\\book.js:32:42)\n' +
    '    at process.processTicksAndRejections (node:internal/process/task_queues:95:5)'
}
{
  date: '29-05-2024 09:21',
  module: 'Server',
  level: 'error',
  message: 'Members not found',
  stack: 'Error: Members not found\n' +
    '    at Update (D:\\DEV\\projek-api\\test-case\\src\\controllers\\member.js:113:42)\n' +
    '    at process.processTicksAndRejections (node:internal/process/task_queues:95:5)'
}
{
  date: '29-05-2024 17:02',
  module: 'Server',
  level: 'error',
  message: 'Member not found',
  stack: 'Error: Member not found\n' +
    '    at BorrowBook (D:\\DEV\\projek-api\\test-case\\src\\controllers\\book.js:70:42)\n' +
    '    at process.processTicksAndRejections (node:internal/process/task_queues:95:5)'
}
{
  date: '29-05-2024 17:03',
  module: 'Server',
  level: 'error',
  message: 'Member is currently penalized',
  stack: 'Error: Member is currently penalized\n' +
    '    at BorrowBook (D:\\DEV\\projek-api\\test-case\\src\\controllers\\book.js:75:44)\n' +
    '    at process.processTicksAndRejections (node:internal/process/task_queues:95:5)'
}
{
  date: '29-05-2024 17:04',
  module: 'Server',
  level: 'error',
  message: 'Member is currently penalized',
  stack: 'Error: Member is currently penalized\n' +
    '    at BorrowBook (D:\\DEV\\projek-api\\test-case\\src\\controllers\\book.js:75:44)\n' +
    '    at process.processTicksAndRejections (node:internal/process/task_queues:95:5)'
}
{
  date: '29-05-2024 17:04',
  module: 'Server',
  level: 'error',
  message: 'Member is currently penalized',
  stack: 'Error: Member is currently penalized\n' +
    '    at BorrowBook (D:\\DEV\\projek-api\\test-case\\src\\controllers\\book.js:75:44)\n' +
    '    at process.processTicksAndRejections (node:internal/process/task_queues:95:5)'
}
{
  date: '29-05-2024 17:04',
  module: 'Server',
  level: 'error',
  message: 'Member is currently penalized',
  stack: 'Error: Member is currently penalized\n' +
    '    at BorrowBook (D:\\DEV\\projek-api\\test-case\\src\\controllers\\book.js:75:44)\n' +
    '    at process.processTicksAndRejections (node:internal/process/task_queues:95:5)'
}
{
  date: '29-05-2024 17:05',
  module: 'Server',
  level: 'error',
  message: 'Member is currently penalized',
  stack: 'Error: Member is currently penalized\n' +
    '    at BorrowBook (D:\\DEV\\projek-api\\test-case\\src\\controllers\\book.js:75:44)\n' +
    '    at process.processTicksAndRejections (node:internal/process/task_queues:95:5)'
}
{
  date: '29-05-2024 17:05',
  module: 'Server',
  level: 'error',
  message: 'Member is currently penalized',
  stack: 'Error: Member is currently penalized\n' +
    '    at BorrowBook (D:\\DEV\\projek-api\\test-case\\src\\controllers\\book.js:75:44)\n' +
    '    at process.processTicksAndRejections (node:internal/process/task_queues:95:5)'
}
{
  date: '29-05-2024 17:06',
  module: 'Server',
  level: 'error',
  message: 'Member is currently penalized',
  stack: 'Error: Member is currently penalized\n' +
    '    at BorrowBook (D:\\DEV\\projek-api\\test-case\\src\\controllers\\book.js:75:44)\n' +
    '    at process.processTicksAndRejections (node:internal/process/task_queues:95:5)'
}
{
  date: '29-05-2024 17:06',
  module: 'Server',
  level: 'error',
  message: 'Member may not borrow more than 2 books',
  stack: 'Error: Member may not borrow more than 2 books\n' +
    '    at BorrowBook (D:\\DEV\\projek-api\\test-case\\src\\controllers\\book.js:81:44)\n' +
    '    at process.processTicksAndRejections (node:internal/process/task_queues:95:5)'
}
{
  date: '29-05-2024 17:06',
  module: 'Server',
  level: 'error',
  message: 'Member may not borrow more than 2 books',
  stack: 'Error: Member may not borrow more than 2 books\n' +
    '    at BorrowBook (D:\\DEV\\projek-api\\test-case\\src\\controllers\\book.js:81:44)\n' +
    '    at process.processTicksAndRejections (node:internal/process/task_queues:95:5)'
}
